#
# There is insufficient memory for the Java Runtime Environment to continue.
# Native memory allocation (malloc) failed to allocate 65552 bytes for Chunk::new
# Possible reasons:
#   The system is out of physical RAM or swap space
#   The process is running with CompressedOops enabled, and the Java Heap may be blocking the growth of the native heap
# Possible solutions:
#   Reduce memory load on the system
#   Increase physical memory or swap space
#   Check if swap backing store is full
#   Decrease Java heap size (-Xmx/-Xms)
#   Decrease number of Java threads
#   Decrease Java thread stack sizes (-Xss)
#   Set larger code cache with -XX:ReservedCodeCacheSize=
#   JVM is running with Unscaled Compressed Oops mode in which the Java heap is
#     placed in the first 4GB address space. The Java Heap base address is the
#     maximum limit for the native heap growth. Please use -XX:HeapBaseMinAddress
#     to set the Java Heap base and to place the Java Heap above 4GB virtual address.
# This output file may be truncated or incomplete.
#
#  Out of Memory Error (allocation.cpp:389), pid=5956, tid=0x0000000000003430
#
# JRE version: OpenJDK Runtime Environment (8.0_202-b03) (build 1.8.0_202-release-1483-b03)
# Java VM: OpenJDK 64-Bit Server VM (25.202-b03 mixed mode windows-amd64 compressed oops)
# Failed to write core dump. Minidumps are not enabled by default on client versions of Windows
#

---------------  T H R E A D  ---------------

Current thread (0x0000000018fd1800):  JavaThread "C2 CompilerThread1" daemon [_thread_in_native, id=13360, stack(0x00000000199a0000,0x0000000019aa0000)]

Stack: [0x00000000199a0000,0x0000000019aa0000]
[error occurred during error reporting (printing stack bounds), id 0xc0000005]

Native frames: (J=compiled Java code, j=interpreted, Vv=VM code, C=native code)


Current CompileTask:
C2:1154076 11466       4       org.gradle.internal.resources.AbstractTrackedResourceLock::tryLock (69 bytes)


---------------  P R O C E S S  ---------------

Java Threads: ( => current thread )
  0x000000002679b800 JavaThread "stdout" [_thread_in_native, id=8204, stack(0x000000002c4a0000,0x000000002c5a0000)]
  0x000000002679b000 JavaThread "stdout" [_thread_in_native, id=12672, stack(0x000000002c3a0000,0x000000002c4a0000)]
  0x0000000026798800 JavaThread "stdout" [_thread_in_native, id=7116, stack(0x000000002c2a0000,0x000000002c3a0000)]
  0x000000002679a000 JavaThread "stdout" [_thread_in_native, id=4480, stack(0x000000002c1a0000,0x000000002c2a0000)]
  0x0000000026799800 JavaThread "stderr" [_thread_in_native, id=5628, stack(0x000000002c0a0000,0x000000002c1a0000)]
  0x000000001cc22800 JavaThread "stderr" [_thread_in_native, id=13244, stack(0x000000002bfa0000,0x000000002c0a0000)]
  0x000000001cc21000 JavaThread "stderr" [_thread_in_native, id=12840, stack(0x000000002bea0000,0x000000002bfa0000)]
  0x000000001cc22000 JavaThread "stderr" [_thread_in_native, id=12420, stack(0x000000002bda0000,0x000000002bea0000)]
  0x000000001cc20800 JavaThread "stdout" [_thread_in_native, id=13124, stack(0x000000002bca0000,0x000000002bda0000)]
  0x000000001cc1f800 JavaThread "stderr" [_thread_in_native, id=12604, stack(0x000000002bba0000,0x000000002bca0000)]
  0x000000001cc18000 JavaThread "stdout" [_thread_in_native, id=13424, stack(0x000000002baa0000,0x000000002bba0000)]
  0x000000001cc18800 JavaThread "stderr" [_thread_in_native, id=10212, stack(0x000000002b9a0000,0x000000002baa0000)]
  0x000000001cc1f000 JavaThread "stdout" [_thread_in_native, id=6832, stack(0x000000002b8a0000,0x000000002b9a0000)]
  0x000000001cc17000 JavaThread "stderr" [_thread_in_native, id=14320, stack(0x000000002b7a0000,0x000000002b8a0000)]
  0x000000001cc1e000 JavaThread "stdout" [_thread_in_native, id=13868, stack(0x000000002b6a0000,0x000000002b7a0000)]
  0x000000001cc16800 JavaThread "stderr" [_thread_in_native, id=11152, stack(0x000000002b5a0000,0x000000002b6a0000)]
  0x000000001cc1d000 JavaThread "pool-4-thread-1" [_thread_blocked, id=2084, stack(0x000000002b4a0000,0x000000002b5a0000)]
  0x000000001cc1c800 JavaThread "MarlinRenderer Disposer" daemon [_thread_blocked, id=5916, stack(0x000000002b3a0000,0x000000002b4a0000)]
  0x000000001cc15000 JavaThread "Java2D Disposer" daemon [_thread_blocked, id=13708, stack(0x000000002b2a0000,0x000000002b3a0000)]
  0x000000001cc1b800 JavaThread "WorkerExecutor Queue Thread 9" [_thread_blocked, id=13060, stack(0x000000002b1a0000,0x000000002b2a0000)]
  0x000000001cc19800 JavaThread "WorkerExecutor Queue Thread 8" [_thread_blocked, id=7556, stack(0x000000002ada0000,0x000000002aea0000)]
  0x000000001cc13800 JavaThread "WorkerExecutor Queue Thread 6" [_thread_blocked, id=14296, stack(0x000000002aba0000,0x000000002aca0000)]
  0x000000001cc1a000 JavaThread "WorkerExecutor Queue Thread 5" [_thread_blocked, id=12372, stack(0x000000002aaa0000,0x000000002aba0000)]
  0x000000001a124800 JavaThread "WorkerExecutor Queue Thread 4" [_thread_blocked, id=8668, stack(0x000000002a9a0000,0x000000002aaa0000)]
  0x000000001a123800 JavaThread "WorkerExecutor Queue Thread 3" [_thread_blocked, id=12688, stack(0x000000002a8a0000,0x000000002a9a0000)]
  0x000000001a123000 JavaThread "WorkerExecutor Queue Thread 2" [_thread_blocked, id=5252, stack(0x000000002a7a0000,0x000000002a8a0000)]
  0x000000001e934000 JavaThread "WorkerExecutor Queue" [_thread_blocked, id=9580, stack(0x000000002a6a0000,0x000000002a7a0000)]
  0x000000001e92c800 JavaThread "Cache worker for execution history cache (D:\MOVING DATA C\kapaldibawaterbang\.gradle\5.4.1\executionHistory)" [_thread_in_native, id=14072, stack(0x000000002a5a0000,0x000000002a6a0000)]
  0x000000001e932800 JavaThread "Execution worker for ':' Thread 7" [_thread_blocked, id=9792, stack(0x000000002a4a0000,0x000000002a5a0000)]
  0x000000001e932000 JavaThread "Execution worker for ':' Thread 6" [_thread_blocked, id=14284, stack(0x000000002a3a0000,0x000000002a4a0000)]
  0x000000001e925000 JavaThread "Execution worker for ':' Thread 5" [_thread_blocked, id=12316, stack(0x000000002a2a0000,0x000000002a3a0000)]
  0x000000001e929000 JavaThread "Execution worker for ':' Thread 4" [_thread_blocked, id=7932, stack(0x000000002a1a0000,0x000000002a2a0000)]
  0x000000001e92a800 JavaThread "Execution worker for ':' Thread 3" [_thread_blocked, id=13592, stack(0x000000002a0a0000,0x000000002a1a0000)]
  0x000000001e928000 JavaThread "Execution worker for ':' Thread 2" [_thread_blocked, id=8372, stack(0x0000000029fa0000,0x000000002a0a0000)]
  0x000000001e92c000 JavaThread "Execution worker for ':'" [_thread_blocked, id=9200, stack(0x0000000029ea0000,0x0000000029fa0000)]
  0x000000001e926800 JavaThread "Cache worker for file content cache (D:\MOVING DATA C\kapaldibawaterbang\.gradle\5.4.1\fileContent)" [_thread_blocked, id=9904, stack(0x0000000029da0000,0x0000000029ea0000)]
  0x000000001d30c800 JavaThread "Cache worker for file content cache (C:\Users\ASUS\.gradle\caches\5.4.1\fileContent)" [_thread_blocked, id=13228, stack(0x0000000029ca0000,0x0000000029da0000)]
  0x000000001d309000 JavaThread "Cache worker for Build Output Cleanup Cache (D:\MOVING DATA C\kapaldibawaterbang\.gradle\buildOutputCleanup)" [_thread_blocked, id=8804, stack(0x0000000029ba0000,0x0000000029ca0000)]
  0x000000001d30c000 JavaThread "Build operations Thread 8" [_thread_blocked, id=11672, stack(0x0000000029aa0000,0x0000000029ba0000)]
  0x000000001d30d800 JavaThread "Build operations Thread 7" [_thread_blocked, id=10336, stack(0x00000000299a0000,0x0000000029aa0000)]
  0x000000001d30b000 JavaThread "Build operations Thread 6" [_thread_blocked, id=6600, stack(0x00000000298a0000,0x00000000299a0000)]
  0x000000001d30e000 JavaThread "Build operations Thread 5" [_thread_blocked, id=13236, stack(0x00000000297a0000,0x00000000298a0000)]
  0x000000001d309800 JavaThread "Build operations Thread 4" [_thread_blocked, id=2352, stack(0x00000000296a0000,0x00000000297a0000)]
  0x000000001d30a800 JavaThread "Build operations Thread 3" [_thread_blocked, id=13332, stack(0x00000000295a0000,0x00000000296a0000)]
  0x000000001d307800 JavaThread "Build operations Thread 2" [_thread_blocked, id=12068, stack(0x00000000294a0000,0x00000000295a0000)]
  0x000000001d308000 JavaThread "Build operations" [_thread_blocked, id=13324, stack(0x00000000293a0000,0x00000000294a0000)]
  0x000000001d300000 JavaThread "Cache worker for cache directory md-rule (C:\Users\ASUS\.gradle\caches\5.4.1\md-rule)" [_thread_blocked, id=14116, stack(0x00000000292a0000,0x00000000293a0000)]
  0x000000001d306800 JavaThread "Cache worker for cache directory md-supplier (C:\Users\ASUS\.gradle\caches\5.4.1\md-supplier)" [_thread_blocked, id=13860, stack(0x00000000291a0000,0x00000000292a0000)]
  0x000000001d306000 JavaThread "Cache worker for file hash cache (D:\MOVING DATA C\kapaldibawaterbang\.gradle\5.4.1\fileHashes)" [_thread_blocked, id=812, stack(0x00000000290a0000,0x00000000291a0000)]
  0x000000001d303800 JavaThread "Thread-41" [_thread_blocked, id=8236, stack(0x0000000028fa0000,0x00000000290a0000)]
  0x000000001d2ff000 JavaThread "Stdin handler" [_thread_blocked, id=1068, stack(0x0000000028ea0000,0x0000000028fa0000)]
  0x000000001d303000 JavaThread "Asynchronous log dispatcher for DefaultDaemonConnection: socket connection from /127.0.0.1:50773 to /127.0.0.1:50784" [_thread_blocked, id=1316, stack(0x0000000028da0000,0x0000000028ea0000)]
  0x000000001d305000 JavaThread "Daemon worker Thread 2" [_thread_blocked, id=8504, stack(0x0000000028ca0000,0x0000000028da0000)]
  0x000000001d302000 JavaThread "Cancel handler" [_thread_blocked, id=13188, stack(0x0000000028ba0000,0x0000000028ca0000)]
  0x000000001d300800 JavaThread "Handler for socket connection from /127.0.0.1:50773 to /127.0.0.1:50784" [_thread_in_native, id=14232, stack(0x0000000028aa0000,0x0000000028ba0000)]
  0x000000001d304800 JavaThread "Daemon Thread 2" [_thread_blocked, id=5848, stack(0x00000000289a0000,0x0000000028aa0000)]
  0x000000001e92f800 JavaThread "Memory manager" [_thread_blocked, id=2152, stack(0x0000000024c30000,0x0000000024d30000)]
  0x000000001e92b000 JavaThread "Cache worker for execution history cache (C:\Users\ASUS\.gradle\caches\5.4.1\executionHistory)" [_thread_in_native, id=392, stack(0x0000000021c60000,0x0000000021d60000)]
  0x000000001a120800 JavaThread "Cache worker for journal cache (C:\Users\ASUS\.gradle\caches\journal-1)" [_thread_blocked, id=12788, stack(0x000000001dac0000,0x000000001dbc0000)]
  0x000000001a125000 JavaThread "File lock request listener" [_thread_in_native, id=9068, stack(0x000000001d9c0000,0x000000001dac0000)]
  0x000000001a02e800 JavaThread "Cache worker for file hash cache (C:\Users\ASUS\.gradle\caches\5.4.1\fileHashes)" [_thread_blocked, id=13500, stack(0x000000001d8c0000,0x000000001d9c0000)]
  0x000000001b549000 JavaThread "Daemon periodic checks" [_thread_blocked, id=13024, stack(0x000000001bef0000,0x000000001bff0000)]
  0x000000001b15d800 JavaThread "Incoming local TCP Connector on port 50773" [_thread_in_native, id=1416, stack(0x000000001bcb0000,0x000000001bdb0000)]
  0x000000001b2ec800 JavaThread "Daemon health stats" [_thread_blocked, id=13964, stack(0x000000001b670000,0x000000001b770000)]
  0x0000000019061800 JavaThread "Service Thread" daemon [_thread_blocked, id=13436, stack(0x0000000019ca0000,0x0000000019da0000)]
  0x0000000018fe1000 JavaThread "C1 CompilerThread3" daemon [_thread_blocked, id=8788, stack(0x0000000019ba0000,0x0000000019ca0000)]
  0x0000000018fd6000 JavaThread "C2 CompilerThread2" daemon [_thread_in_native, id=6040, stack(0x0000000019aa0000,0x0000000019ba0000)]
=>0x0000000018fd1800 JavaThread "C2 CompilerThread1" daemon [_thread_in_native, id=13360, stack(0x00000000199a0000,0x0000000019aa0000)]
  0x0000000018fce800 JavaThread "C2 CompilerThread0" daemon [_thread_in_native, id=13224, stack(0x00000000198a0000,0x00000000199a0000)]
  0x0000000018fcd000 JavaThread "Attach Listener" daemon [_thread_blocked, id=14332, stack(0x00000000197a0000,0x00000000198a0000)]
  0x0000000018fcc000 JavaThread "Signal Dispatcher" daemon [_thread_blocked, id=12736, stack(0x00000000196a0000,0x00000000197a0000)]
  0x00000000033fd800 JavaThread "Finalizer" daemon [_thread_blocked, id=13196, stack(0x00000000194a0000,0x00000000195a0000)]
  0x00000000171bc000 JavaThread "Reference Handler" daemon [_thread_blocked, id=9012, stack(0x00000000193a0000,0x00000000194a0000)]
  0x00000000019fd800 JavaThread "main" [_thread_blocked, id=10604, stack(0x00000000031d0000,0x00000000032d0000)]

Other Threads:
  0x00000000171b7800 VMThread [stack: 0x0000000018ea0000,0x0000000018fa0000] [id=12856]
  0x0000000019062800 WatcherThread [stack: 0x0000000019da0000,0x0000000019ea0000] [id=4912]

VM state:not at safepoint (normal execution)

VM Mutex/Monitor currently owned by a thread: None

heap address: 0x00000000a0000000, size: 1536 MB, Compressed Oops mode: 32-bit
Narrow klass base: 0x0000000000000000, Narrow klass shift: 3
Compressed class space size: 1073741824 Address: 0x0000000100000000

Heap:
 PSYoungGen      total 249344K, used 20835K [0x00000000e0000000, 0x00000000f0c00000, 0x0000000100000000)
  eden space 225792K, 5% used [0x00000000e0000000,0x00000000e0b19a98,0x00000000edc80000)
  from space 23552K, 40% used [0x00000000ede00000,0x00000000ee73f1f0,0x00000000ef500000)
  to   space 20480K, 0% used [0x00000000ef800000,0x00000000ef800000,0x00000000f0c00000)
 ParOldGen       total 143872K, used 54872K [0x00000000a0000000, 0x00000000a8c80000, 0x00000000e0000000)
  object space 143872K, 38% used [0x00000000a0000000,0x00000000a35961f0,0x00000000a8c80000)
 Metaspace       used 76732K, capacity 79797K, committed 80000K, reserved 1118208K
  class space    used 9941K, capacity 10574K, committed 10624K, reserved 1048576K

Card table byte_map: [0x00000000127c0000,0x0000000012ad0000] byte_map_base: 0x00000000122c0000

Marking Bits: (ParMarkBitMap*) 0x0000000074e29f30
 Begin Bits: [0x00000000134d0000, 0x0000000014cd0000)
 End Bits:   [0x0000000014cd0000, 0x00000000164d0000)

Polling page: 0x0000000001500000

CodeCache: size=245760Kb used=31980Kb max_used=33494Kb free=213779Kb
 bounds [0x0000000003400000, 0x00000000054e0000, 0x0000000012400000]
 total_blobs=10610 nmethods=9660 adapters=861
 compilation: enabled

Compilation events (10 events):
Event: 1153.740 Thread 0x0000000018fe1000 11489       3       org.gradle.tooling.internal.provider.runner.OperationDependenciesResolver$$Lambda$416/580983628::test (8 bytes)
Event: 1153.740 Thread 0x0000000018fe1000 nmethod 11489 0x00000000054d5890 code [0x00000000054d5a00, 0x00000000054d5d10]
Event: 1153.740 Thread 0x0000000018fe1000 11490       1       org.gradle.api.internal.tasks.execution.DefaultTaskExecutionContext::getTaskProperties (5 bytes)
Event: 1153.740 Thread 0x0000000018fe1000 nmethod 11490 0x00000000054d5dd0 code [0x00000000054d5f20, 0x00000000054d6030]
Event: 1153.741 Thread 0x0000000018fe1000 11492       3       org.gradle.api.internal.file.CompositeFileCollection::getFiles (96 bytes)
Event: 1153.741 Thread 0x0000000018fe1000 nmethod 11492 0x00000000054d6090 code [0x00000000054d62e0, 0x00000000054d7088]
Event: 1153.741 Thread 0x0000000018fe1000 11491       3       org.gradle.api.internal.file.CompositeFileCollection::getFiles (8 bytes)
Event: 1153.742 Thread 0x0000000018fe1000 nmethod 11491 0x00000000054d7550 code [0x00000000054d76c0, 0x00000000054d78f8]
Event: 1153.743 Thread 0x0000000018fe1000 11493       3       org.gradle.api.internal.artifacts.ivyservice.resolveengine.artifact.CompositeResolvedArtifactSet::of (101 bytes)
Event: 1153.744 Thread 0x0000000018fe1000 nmethod 11493 0x00000000054d7990 code [0x00000000054d7c20, 0x00000000054d8fd8]

GC Heap History (10 events):
Event: 16.069 GC heap before
{Heap before GC invocations=11 (full 2):
 PSYoungGen      total 140288K, used 126912K [0x00000000e0000000, 0x00000000eab00000, 0x0000000100000000)
  eden space 126976K, 99% used [0x00000000e0000000,0x00000000e7bf03c8,0x00000000e7c00000)
  from space 13312K, 0% used [0x00000000e8880000,0x00000000e8880000,0x00000000e9580000)
  to   space 12800K, 0% used [0x00000000e7c00000,0x00000000e7c00000,0x00000000e8880000)
 ParOldGen       total 96256K, used 14993K [0x00000000a0000000, 0x00000000a5e00000, 0x00000000e0000000)
  object space 96256K, 15% used [0x00000000a0000000,0x00000000a0ea45c0,0x00000000a5e00000)
 Metaspace       used 47442K, capacity 48829K, committed 49152K, reserved 1091584K
  class space    used 6325K, capacity 6634K, committed 6656K, reserved 1048576K
Event: 16.085 GC heap after
Heap after GC invocations=11 (full 2):
 PSYoungGen      total 139776K, used 12776K [0x00000000e0000000, 0x00000000ed680000, 0x0000000100000000)
  eden space 126976K, 0% used [0x00000000e0000000,0x00000000e0000000,0x00000000e7c00000)
  from space 12800K, 99% used [0x00000000e7c00000,0x00000000e887a320,0x00000000e8880000)
  to   space 16384K, 0% used [0x00000000ec680000,0x00000000ec680000,0x00000000ed680000)
 ParOldGen       total 96256K, used 19975K [0x00000000a0000000, 0x00000000a5e00000, 0x00000000e0000000)
  object space 96256K, 20% used [0x00000000a0000000,0x00000000a1381de8,0x00000000a5e00000)
 Metaspace       used 47442K, capacity 48829K, committed 49152K, reserved 1091584K
  class space    used 6325K, capacity 6634K, committed 6656K, reserved 1048576K
}
Event: 18.776 GC heap before
{Heap before GC invocations=12 (full 2):
 PSYoungGen      total 139776K, used 139455K [0x00000000e0000000, 0x00000000ed680000, 0x0000000100000000)
  eden space 126976K, 99% used [0x00000000e0000000,0x00000000e7bb5cd8,0x00000000e7c00000)
  from space 12800K, 99% used [0x00000000e7c00000,0x00000000e887a320,0x00000000e8880000)
  to   space 16384K, 0% used [0x00000000ec680000,0x00000000ec680000,0x00000000ed680000)
 ParOldGen       total 96256K, used 19975K [0x00000000a0000000, 0x00000000a5e00000, 0x00000000e0000000)
  object space 96256K, 20% used [0x00000000a0000000,0x00000000a1381de8,0x00000000a5e00000)
 Metaspace       used 57064K, capacity 59011K, committed 59136K, reserved 1099776K
  class space    used 7663K, capacity 8099K, committed 8192K, reserved 1048576K
Event: 18.804 GC heap after
Heap after GC invocations=12 (full 2):
 PSYoungGen      total 199680K, used 16373K [0x00000000e0000000, 0x00000000edb00000, 0x0000000100000000)
  eden space 183296K, 0% used [0x00000000e0000000,0x00000000e0000000,0x00000000eb300000)
  from space 16384K, 99% used [0x00000000ec680000,0x00000000ed67d420,0x00000000ed680000)
  to   space 19968K, 0% used [0x00000000eb300000,0x00000000eb300000,0x00000000ec680000)
 ParOldGen       total 96256K, used 25529K [0x00000000a0000000, 0x00000000a5e00000, 0x00000000e0000000)
  object space 96256K, 26% used [0x00000000a0000000,0x00000000a18ee610,0x00000000a5e00000)
 Metaspace       used 57064K, capacity 59011K, committed 59136K, reserved 1099776K
  class space    used 7663K, capacity 8099K, committed 8192K, reserved 1048576K
}
Event: 18.804 GC heap before
{Heap before GC invocations=13 (full 3):
 PSYoungGen      total 199680K, used 16373K [0x00000000e0000000, 0x00000000edb00000, 0x0000000100000000)
  eden space 183296K, 0% used [0x00000000e0000000,0x00000000e0000000,0x00000000eb300000)
  from space 16384K, 99% used [0x00000000ec680000,0x00000000ed67d420,0x00000000ed680000)
  to   space 19968K, 0% used [0x00000000eb300000,0x00000000eb300000,0x00000000ec680000)
 ParOldGen       total 96256K, used 25529K [0x00000000a0000000, 0x00000000a5e00000, 0x00000000e0000000)
  object space 96256K, 26% used [0x00000000a0000000,0x00000000a18ee610,0x00000000a5e00000)
 Metaspace       used 57064K, capacity 59011K, committed 59136K, reserved 1099776K
  class space    used 7663K, capacity 8099K, committed 8192K, reserved 1048576K
Event: 19.291 GC heap after
Heap after GC invocations=13 (full 3):
 PSYoungGen      total 199680K, used 0K [0x00000000e0000000, 0x00000000edb00000, 0x0000000100000000)
  eden space 183296K, 0% used [0x00000000e0000000,0x00000000e0000000,0x00000000eb300000)
  from space 16384K, 0% used [0x00000000ec680000,0x00000000ec680000,0x00000000ed680000)
  to   space 19968K, 0% used [0x00000000eb300000,0x00000000eb300000,0x00000000ec680000)
 ParOldGen       total 143872K, used 35893K [0x00000000a0000000, 0x00000000a8c80000, 0x00000000e0000000)
  object space 143872K, 24% used [0x00000000a0000000,0x00000000a230d710,0x00000000a8c80000)
 Metaspace       used 57005K, capacity 58805K, committed 59136K, reserved 1099776K
  class space    used 7646K, capacity 8068K, committed 8192K, reserved 1048576K
}
Event: 25.258 GC heap before
{Heap before GC invocations=14 (full 3):
 PSYoungGen      total 199680K, used 183296K [0x00000000e0000000, 0x00000000edb00000, 0x0000000100000000)
  eden space 183296K, 100% used [0x00000000e0000000,0x00000000eb300000,0x00000000eb300000)
  from space 16384K, 0% used [0x00000000ec680000,0x00000000ec680000,0x00000000ed680000)
  to   space 19968K, 0% used [0x00000000eb300000,0x00000000eb300000,0x00000000ec680000)
 ParOldGen       total 143872K, used 35893K [0x00000000a0000000, 0x00000000a8c80000, 0x00000000e0000000)
  object space 143872K, 24% used [0x00000000a0000000,0x00000000a230d710,0x00000000a8c80000)
 Metaspace       used 65097K, capacity 67525K, committed 67712K, reserved 1107968K
  class space    used 8803K, capacity 9304K, committed 9344K, reserved 1048576K
Event: 25.291 GC heap after
Heap after GC invocations=14 (full 3):
 PSYoungGen      total 203264K, used 14024K [0x00000000e0000000, 0x00000000f0c00000, 0x0000000100000000)
  eden space 183296K, 0% used [0x00000000e0000000,0x00000000e0000000,0x00000000eb300000)
  from space 19968K, 70% used [0x00000000eb300000,0x00000000ec0b2140,0x00000000ec680000)
  to   space 20480K, 0% used [0x00000000ef800000,0x00000000ef800000,0x00000000f0c00000)
 ParOldGen       total 143872K, used 35901K [0x00000000a0000000, 0x00000000a8c80000, 0x00000000e0000000)
  object space 143872K, 24% used [0x00000000a0000000,0x00000000a230f710,0x00000000a8c80000)
 Metaspace       used 65097K, capacity 67525K, committed 67712K, reserved 1107968K
  class space    used 8803K, capacity 9304K, committed 9344K, reserved 1048576K
}
Event: 1145.239 GC heap before
{Heap before GC invocations=15 (full 3):
 PSYoungGen      total 203264K, used 197320K [0x00000000e0000000, 0x00000000f0c00000, 0x0000000100000000)
  eden space 183296K, 100% used [0x00000000e0000000,0x00000000eb300000,0x00000000eb300000)
  from space 19968K, 70% used [0x00000000eb300000,0x00000000ec0b2140,0x00000000ec680000)
  to   space 20480K, 0% used [0x00000000ef800000,0x00000000ef800000,0x00000000f0c00000)
 ParOldGen       total 143872K, used 35901K [0x00000000a0000000, 0x00000000a8c80000, 0x00000000e0000000)
  object space 143872K, 24% used [0x00000000a0000000,0x00000000a230f710,0x00000000a8c80000)
 Metaspace       used 72458K, capacity 75399K, committed 75520K, reserved 1114112K
  class space    used 9508K, capacity 10135K, committed 10240K, reserved 1048576K
Event: 1145.259 GC heap after
Heap after GC invocations=15 (full 3):
 PSYoungGen      total 246272K, used 20448K [0x00000000e0000000, 0x00000000f0c00000, 0x0000000100000000)
  eden space 225792K, 0% used [0x00000000e0000000,0x00000000e0000000,0x00000000edc80000)
  from space 20480K, 99% used [0x00000000ef800000,0x00000000f0bf8218,0x00000000f0c00000)
  to   space 23552K, 0% used [0x00000000ede00000,0x00000000ede00000,0x00000000ef500000)
 ParOldGen       total 143872K, used 37670K [0x00000000a0000000, 0x00000000a8c80000, 0x00000000e0000000)
  object space 143872K, 26% used [0x00000000a0000000,0x00000000a24c98d0,0x00000000a8c80000)
 Metaspace       used 72458K, capacity 75399K, committed 75520K, reserved 1114112K
  class space    used 9508K, capacity 10135K, committed 10240K, reserved 1048576K
}

Deoptimization events (10 events):
Event: 1153.617 Thread 0x000000001a124800 Uncommon trap: reason=class_check action=maybe_recompile pc=0x0000000004d726c4 method=java.util.regex.Pattern$Curly.match1(Ljava/util/regex/Matcher;IILjava/lang/CharSequence;)Z @ 8
Event: 1153.617 Thread 0x000000001a124800 Uncommon trap: reason=class_check action=maybe_recompile pc=0x0000000004d726c4 method=java.util.regex.Pattern$Curly.match1(Ljava/util/regex/Matcher;IILjava/lang/CharSequence;)Z @ 8
Event: 1153.617 Thread 0x000000001a124800 Uncommon trap: reason=class_check action=maybe_recompile pc=0x0000000004d726c4 method=java.util.regex.Pattern$Curly.match1(Ljava/util/regex/Matcher;IILjava/lang/CharSequence;)Z @ 8
Event: 1153.623 Thread 0x000000001a124800 Uncommon trap: reason=unstable_if action=reinterpret pc=0x00000000053e34a8 method=com.google.common.base.Objects.equal(Ljava/lang/Object;Ljava/lang/Object;)Z @ 6
Event: 1153.625 Thread 0x000000001a124800 Uncommon trap: reason=unstable_if action=reinterpret pc=0x00000000053ec3a8 method=com.google.gson.stream.JsonWriter.newline()V @ 4
Event: 1153.625 Thread 0x000000001a124800 Uncommon trap: reason=class_check action=maybe_recompile pc=0x00000000053b865c method=com.google.gson.stream.JsonWriter.string(Ljava/lang/String;)V @ 23
Event: 1153.625 Thread 0x000000001a124800 Uncommon trap: reason=class_check action=maybe_recompile pc=0x00000000053b865c method=com.google.gson.stream.JsonWriter.string(Ljava/lang/String;)V @ 23
Event: 1153.625 Thread 0x000000001a124800 Uncommon trap: reason=class_check action=maybe_recompile pc=0x00000000053b865c method=com.google.gson.stream.JsonWriter.string(Ljava/lang/String;)V @ 23
Event: 1153.626 Thread 0x000000001a124800 Uncommon trap: reason=class_check action=maybe_recompile pc=0x00000000053b865c method=com.google.gson.stream.JsonWriter.string(Ljava/lang/String;)V @ 23
Event: 1153.627 Thread 0x000000001a124800 Uncommon trap: reason=class_check action=maybe_recompile pc=0x0000000004dc7c30 method=org.gradle.internal.operations.logging.LoggingBuildOperationProgressBroadcaster.onOutput(Lorg/gradle/internal/logging/events/OutputEvent;)V @ 8

Classes redefined (0 events):
No events

Internal exceptions (10 events):
Event: 1149.787 Thread 0x000000001e932800 Implicit null exception at 0x0000000003c61def to 0x0000000003c623fd
Event: 1149.843 Thread 0x000000001e932800 Implicit null exception at 0x00000000052e6017 to 0x00000000052e6365
Event: 1149.923 Thread 0x000000001a123800 Exception <a 'java/io/FileNotFoundException'> (0x00000000e8c28c68) thrown at [D:\src\AOSP-openjdk-cygwin\jdk8u\hotspot\src\share\vm\prims\jni.cpp, line 710]
Event: 1150.033 Thread 0x000000001a123800 Exception <a 'java/io/FileNotFoundException'> (0x00000000e95f45b8) thrown at [D:\src\AOSP-openjdk-cygwin\jdk8u\hotspot\src\share\vm\prims\jni.cpp, line 710]
Event: 1150.566 Thread 0x000000001e932800 Implicit null exception at 0x000000000537fded to 0x000000000537e3ad
Event: 1150.601 Thread 0x000000001e932800 Exception <a 'java/lang/NoSuchMethodError': <clinit>> (0x00000000eb863740) thrown at [D:\src\AOSP-openjdk-cygwin\jdk8u\hotspot\src\share\vm\prims\jni.cpp, line 1614]
Event: 1150.602 Thread 0x000000001e932800 Exception <a 'java/lang/NoSuchMethodError': <clinit>> (0x00000000eb87ec90) thrown at [D:\src\AOSP-openjdk-cygwin\jdk8u\hotspot\src\share\vm\prims\jni.cpp, line 1614]
Event: 1150.602 Thread 0x000000001e932800 Exception <a 'java/lang/NoSuchMethodError': <clinit>> (0x00000000eb883b78) thrown at [D:\src\AOSP-openjdk-cygwin\jdk8u\hotspot\src\share\vm\prims\jni.cpp, line 1614]
Event: 1150.603 Thread 0x000000001e932800 Exception <a 'java/lang/NoSuchMethodError': <clinit>> (0x00000000eb8942f0) thrown at [D:\src\AOSP-openjdk-cygwin\jdk8u\hotspot\src\share\vm\prims\jni.cpp, line 1614]
Event: 1153.623 Thread 0x000000001a124800 Implicit null exception at 0x00000000053e2dde to 0x00000000053e3495

Events (10 events):
Event: 1153.625 Thread 0x000000001a124800 DEOPT PACKING pc=0x00000000053b865c sp=0x000000002aa9ddd0
Event: 1153.625 Thread 0x000000001a124800 DEOPT UNPACKING pc=0x000000000344557b sp=0x000000002aa9ddb0 mode 2
Event: 1153.626 Thread 0x000000001a124800 Uncommon trap: trap_request=0xffffffde fr.pc=0x00000000053b865c
Event: 1153.626 Thread 0x000000001a124800 DEOPT PACKING pc=0x00000000053b865c sp=0x000000002aa9ddd0
Event: 1153.626 Thread 0x000000001a124800 DEOPT UNPACKING pc=0x000000000344557b sp=0x000000002aa9ddb0 mode 2
Event: 1153.627 Thread 0x000000001a124800 Uncommon trap: trap_request=0xffffffde fr.pc=0x0000000004dc7c30
Event: 1153.627 Thread 0x000000001a124800 DEOPT PACKING pc=0x0000000004dc7c30 sp=0x000000002aa9df70
Event: 1153.627 Thread 0x000000001a124800 DEOPT UNPACKING pc=0x000000000344557b sp=0x000000002aa9df08 mode 2
Event: 1153.636 loading class org/gradle/internal/serialize/Message
Event: 1153.636 loading class org/gradle/internal/serialize/Message done


Dynamic libraries:
0x00007ff797790000 - 0x00007ff7977c1000 	C:\Program Files\Android\Android Studio\jre\bin\java.exe
0x00007ff8af9e0000 - 0x00007ff8afbcd000 	C:\Windows\SYSTEM32\ntdll.dll
0x00007ff8ad0e0000 - 0x00007ff8ad193000 	C:\Windows\System32\KERNEL32.DLL
0x00007ff8abdd0000 - 0x00007ff8ac063000 	C:\Windows\System32\KERNELBASE.dll
0x00007ff8ad1a0000 - 0x00007ff8ad243000 	C:\Windows\System32\ADVAPI32.dll
0x00007ff8ae150000 - 0x00007ff8ae1ee000 	C:\Windows\System32\msvcrt.dll
0x00007ff8ad2d0000 - 0x00007ff8ad36e000 	C:\Windows\System32\sechost.dll
0x00007ff8adfa0000 - 0x00007ff8ae0c2000 	C:\Windows\System32\RPCRT4.dll
0x00007ff8ada50000 - 0x00007ff8adbe7000 	C:\Windows\System32\USER32.dll
0x00007ff8ac070000 - 0x00007ff8ac090000 	C:\Windows\System32\win32u.dll
0x00007ff8ad050000 - 0x00007ff8ad079000 	C:\Windows\System32\GDI32.dll
0x00007ff8ac0e0000 - 0x00007ff8ac279000 	C:\Windows\System32\gdi32full.dll
0x00007ff8aca50000 - 0x00007ff8acaf0000 	C:\Windows\System32\msvcp_win.dll
0x00007ff8abca0000 - 0x00007ff8abd9a000 	C:\Windows\System32\ucrtbase.dll
0x00007ff89bed0000 - 0x00007ff89c149000 	C:\Windows\WinSxS\amd64_microsoft.windows.common-controls_6595b64144ccf1df_6.0.17763.914_none_05b346b2072102f2\COMCTL32.dll
0x00007ff8adc70000 - 0x00007ff8adf9c000 	C:\Windows\System32\combase.dll
0x00007ff8ac9d0000 - 0x00007ff8aca4e000 	C:\Windows\System32\bcryptPrimitives.dll
0x00007ff8af980000 - 0x00007ff8af9ae000 	C:\Windows\System32\IMM32.DLL
0x00000000744a0000 - 0x0000000074572000 	C:\Program Files\Android\Android Studio\jre\jre\bin\msvcr100.dll
0x0000000074660000 - 0x0000000074ea6000 	C:\Program Files\Android\Android Studio\jre\jre\bin\server\jvm.dll
0x00007ff8ad370000 - 0x00007ff8ad378000 	C:\Windows\System32\PSAPI.DLL
0x00007ff89e180000 - 0x00007ff89e189000 	C:\Windows\SYSTEM32\WSOCK32.dll
0x00007ff8a5580000 - 0x00007ff8a55a4000 	C:\Windows\SYSTEM32\WINMM.dll
0x00007ff8aa550000 - 0x00007ff8aa55a000 	C:\Windows\SYSTEM32\VERSION.dll
0x00007ff8af6f0000 - 0x00007ff8af75d000 	C:\Windows\System32\WS2_32.dll
0x00007ff8a5550000 - 0x00007ff8a557d000 	C:\Windows\SYSTEM32\WINMMBASE.dll
0x00007ff8ac090000 - 0x00007ff8ac0da000 	C:\Windows\System32\cfgmgr32.dll
0x00007ff89e170000 - 0x00007ff89e17f000 	C:\Program Files\Android\Android Studio\jre\jre\bin\verify.dll
0x00007ff88c8f0000 - 0x00007ff88c919000 	C:\Program Files\Android\Android Studio\jre\jre\bin\java.dll
0x00007ff89d9f0000 - 0x00007ff89da06000 	C:\Program Files\Android\Android Studio\jre\jre\bin\zip.dll
0x00007ff8ae1f0000 - 0x00007ff8af6e4000 	C:\Windows\System32\SHELL32.dll
0x00007ff8af8d0000 - 0x00007ff8af978000 	C:\Windows\System32\shcore.dll
0x00007ff8ac280000 - 0x00007ff8ac9cd000 	C:\Windows\System32\windows.storage.dll
0x00007ff8aba70000 - 0x00007ff8aba94000 	C:\Windows\System32\profapi.dll
0x00007ff8ab9f0000 - 0x00007ff8aba4d000 	C:\Windows\System32\powrprof.dll
0x00007ff8acd30000 - 0x00007ff8acd82000 	C:\Windows\System32\shlwapi.dll
0x00007ff8ab9d0000 - 0x00007ff8ab9e1000 	C:\Windows\System32\kernel.appcore.dll
0x00007ff8abc80000 - 0x00007ff8abc97000 	C:\Windows\System32\cryptsp.dll
0x00007ff89d110000 - 0x00007ff89d12a000 	C:\Program Files\Android\Android Studio\jre\jre\bin\net.dll
0x00007ff8ab240000 - 0x00007ff8ab2a7000 	C:\Windows\system32\mswsock.dll
0x00007ff895af0000 - 0x00007ff895b01000 	C:\Program Files\Android\Android Studio\jre\jre\bin\nio.dll
0x00007ff8a6ed0000 - 0x00007ff8a6ef6000 	C:\Users\ASUS\.gradle\native\29\windows-amd64\native-platform.dll
0x00007ff89db80000 - 0x00007ff89db8d000 	C:\Program Files\Android\Android Studio\jre\jre\bin\management.dll
0x00007ff8aadc0000 - 0x00007ff8aadf3000 	C:\Windows\system32\rsaenh.dll
0x00007ff8abda0000 - 0x00007ff8abdc6000 	C:\Windows\System32\bcrypt.dll
0x00007ff8ab900000 - 0x00007ff8ab928000 	C:\Windows\SYSTEM32\USERENV.dll
0x00007ff8ab410000 - 0x00007ff8ab41c000 	C:\Windows\SYSTEM32\CRYPTBASE.dll
0x00007ff8aaf60000 - 0x00007ff8aaf9d000 	C:\Windows\SYSTEM32\IPHLPAPI.DLL
0x00007ff8ad8e0000 - 0x00007ff8ad8e8000 	C:\Windows\System32\NSI.dll
0x00007ff8a5eb0000 - 0x00007ff8a5ec6000 	C:\Windows\SYSTEM32\dhcpcsvc6.DLL
0x00007ff8a5e90000 - 0x00007ff8a5eac000 	C:\Windows\SYSTEM32\dhcpcsvc.DLL
0x00007ff8aafa0000 - 0x00007ff8ab066000 	C:\Windows\SYSTEM32\DNSAPI.dll
0x00007ff875ee0000 - 0x00007ff87607c000 	C:\Program Files\Android\Android Studio\jre\jre\bin\awt.dll
0x00007ff8ad380000 - 0x00007ff8ad444000 	C:\Windows\System32\OLEAUT32.dll
0x00007ff8a9c50000 - 0x00007ff8a9c7e000 	C:\Windows\SYSTEM32\dwmapi.dll
0x00007ff8abaa0000 - 0x00007ff8abc7b000 	C:\Windows\System32\CRYPT32.dll
0x00007ff8aba50000 - 0x00007ff8aba62000 	C:\Windows\System32\MSASN1.dll
0x00007ff8a87a0000 - 0x00007ff8a8d5e000 	C:\Windows\SYSTEM32\d2d1.dll
0x00007ff8a94a0000 - 0x00007ff8a952c000 	C:\Windows\SYSTEM32\apphelp.dll
0x00007ff8a9590000 - 0x00007ff8a962c000 	C:\Windows\system32\uxtheme.dll

VM Arguments:
jvm_args: -Xmx1536m -Dfile.encoding=windows-1252 -Duser.country=US -Duser.language=en -Duser.variant 
java_command: org.gradle.launcher.daemon.bootstrap.GradleDaemon 5.4.1
java_class_path (initial): C:\Users\ASUS\.gradle\wrapper\dists\gradle-5.4.1-all\3221gyojl5jsh0helicew7rwx\gradle-5.4.1\lib\gradle-launcher-5.4.1.jar
Launcher Type: SUN_STANDARD

Environment Variables:
PATH=C:\Windows\system32;C:\Windows;C:\Windows\System32\Wbem;C:\Windows\System32\WindowsPowerShell\v1.0\;C:\Windows\System32\OpenSSH\;C:\Program Files (x86)\NVIDIA Corporation\PhysX\Common;C:\Program Files\Git\cmd;C:\Program Files (x86)\nodejs\;C:\Users\ASUS\AppData\Local\Microsoft\WindowsApps;C:\Users\ASUS\AppData\Local\Programs\Microsoft VS Code\bin;C:\Users\ASUS\AppData\Roaming\npm;C:\Program Files\MongoDB\Server\4.2\bin;
USERNAME=ASUS
OS=Windows_NT
PROCESSOR_IDENTIFIER=Intel64 Family 6 Model 142 Stepping 10, GenuineIntel



---------------  S Y S T E M  ---------------

OS: Windows 10.0 , 64 bit Build 17763 (10.0.17763.475)

CPU:total 8 (initial active 8) (4 cores per cpu, 2 threads per core) family 6 model 142 stepping 10, cmov, cx8, fxsr, mmx, sse, sse2, sse3, ssse3, sse4.1, sse4.2, popcnt, avx, avx2, aes, clmul, erms, 3dnowpref, lzcnt, ht, tsc, tscinvbit, bmi1, bmi2, adx

Memory: 4k page, physical 12461856k(933404k free), swap 50210592k(0k free)

vm_info: OpenJDK 64-Bit Server VM (25.202-b03) for windows-amd64 JRE (1.8.0_202-release-1483-b03), built by "builder" with MS VC++ 10.0 (VS2010)

time: Fri Jan 03 07:07:01 2020
timezone: SE Asia Standard Time
elapsed time: 1154 seconds (0d 0h 19m 14s)

